Using pre-set license
Built from '2020.3/staging' branch; Version is '2020.3.20f1 (41c4e627c95f) revision 4310246'; Using compiler version '192528614'; Build Type 'Release'
OS: 'Windows 10 Pro; OS build 19042.685; Version 2009; 64bit' Language: 'en' Physical Memory: 8104 MB
BatchMode: 1, IsHumanControllingUs: 0, StartBugReporterOnCrash: 0, Is64bit: 1, IsPro: 0

COMMAND LINE ARGUMENTS:
C:\Program Files\Unity\Hub\Editor\2020.3.20f1\Editor\Unity.exe
-adb2
-batchMode
-noUpm
-name
AssetImportWorker0
-projectPath
C:/Videojuegos/ODV
-logFile
Logs/AssetImportWorker0.log
-srvPort
49863
Successfully changed project path to: C:/Videojuegos/ODV
C:/Videojuegos/ODV
Using Asset Import Pipeline V2.
Refreshing native plugins compatible for Editor in 73.42 ms, found 3 plugins.
Preloading 0 native plugins for Editor in 0.00 ms.
Initialize engine version: 2020.3.20f1 (41c4e627c95f)
[Subsystems] Discovering subsystems at path C:/Program Files/Unity/Hub/Editor/2020.3.20f1/Editor/Data/Resources/UnitySubsystems
[Subsystems] Discovering subsystems at path C:/Videojuegos/ODV/Assets
GfxDevice: creating device client; threaded=0
Direct3D:
    Version:  Direct3D 11.0 [level 11.0]
    Renderer: NVIDIA GeForce GTX 960M (ID=0x139b)
    Vendor:   
    VRAM:     2010 MB
    Driver:   30.0.14.7196
Initialize mono
Mono path[0] = 'C:/Program Files/Unity/Hub/Editor/2020.3.20f1/Editor/Data/Managed'
Mono path[1] = 'C:/Program Files/Unity/Hub/Editor/2020.3.20f1/Editor/Data/MonoBleedingEdge/lib/mono/unityjit'
Mono config path = 'C:/Program Files/Unity/Hub/Editor/2020.3.20f1/Editor/Data/MonoBleedingEdge/etc'
Using monoOptions --debugger-agent=transport=dt_socket,embedding=1,server=y,suspend=n,address=127.0.0.1:56292
Begin MonoManager ReloadAssembly
Registering precompiled unity dll's ...
Register platform support module: C:/Program Files/Unity/Hub/Editor/2020.3.20f1/Editor/Data/PlaybackEngines/WebGLSupport/UnityEditor.WebGL.Extensions.dll
Register platform support module: C:/Program Files/Unity/Hub/Editor/2020.3.20f1/Editor/Data/PlaybackEngines/MacStandaloneSupport/UnityEditor.OSXStandalone.Extensions.dll
Register platform support module: C:/Program Files/Unity/Hub/Editor/2020.3.20f1/Editor/Data/PlaybackEngines/WindowsStandaloneSupport/UnityEditor.WindowsStandalone.Extensions.dll
Register platform support module: C:/Program Files/Unity/Hub/Editor/2020.3.20f1/Editor/Data/PlaybackEngines/LinuxStandaloneSupport/UnityEditor.LinuxStandalone.Extensions.dll
Registered in 0.011559 seconds.
Native extension for LinuxStandalone target not found
Native extension for WindowsStandalone target not found
Native extension for OSXStandalone target not found
Native extension for WebGL target not found
Refreshing native plugins compatible for Editor in 78.67 ms, found 3 plugins.
Preloading 0 native plugins for Editor in 0.00 ms.
Mono: successfully reloaded assembly
- Completed reload, in  6.786 seconds
Domain Reload Profiling:
	ReloadAssembly (6786ms)
		BeginReloadAssembly (135ms)
			ExecutionOrderSort (0ms)
			DisableScriptedObjects (0ms)
			BackupInstance (0ms)
			ReleaseScriptingObjects (0ms)
			CreateAndSetChildDomain (1ms)
		EndReloadAssembly (754ms)
			LoadAssemblies (134ms)
			RebuildTransferFunctionScriptingTraits (0ms)
			SetupTypeCache (277ms)
			ReleaseScriptCaches (0ms)
			RebuildScriptCaches (55ms)
			SetupLoadedEditorAssemblies (291ms)
				LogAssemblyErrors (0ms)
				InitializePlatformSupportModulesInManaged (10ms)
				SetLoadedEditorAssemblies (0ms)
				RefreshPlugins (79ms)
				BeforeProcessingInitializeOnLoad (20ms)
				ProcessInitializeOnLoadAttributes (133ms)
				ProcessInitializeOnLoadMethodAttributes (47ms)
				AfterProcessingInitializeOnLoad (0ms)
				EditorAssembliesLoaded (0ms)
			ExecutionOrderSort2 (0ms)
			AwakeInstancesAfterBackupRestoration (0ms)
Platform modules already initialized, skipping
Registering precompiled user dll's ...
Registered in 0.040554 seconds.
Begin MonoManager ReloadAssembly
Native extension for LinuxStandalone target not found
Native extension for WindowsStandalone target not found
Native extension for OSXStandalone target not found
Native extension for WebGL target not found
Refreshing native plugins compatible for Editor in 132.39 ms, found 3 plugins.
Preloading 0 native plugins for Editor in 0.00 ms.
Mono: successfully reloaded assembly
- Completed reload, in  3.852 seconds
Domain Reload Profiling:
	ReloadAssembly (3854ms)
		BeginReloadAssembly (471ms)
			ExecutionOrderSort (0ms)
			DisableScriptedObjects (8ms)
			BackupInstance (0ms)
			ReleaseScriptingObjects (0ms)
			CreateAndSetChildDomain (60ms)
		EndReloadAssembly (2986ms)
			LoadAssemblies (441ms)
			RebuildTransferFunctionScriptingTraits (0ms)
			SetupTypeCache (1061ms)
			ReleaseScriptCaches (1ms)
			RebuildScriptCaches (155ms)
			SetupLoadedEditorAssemblies (963ms)
				LogAssemblyErrors (0ms)
				InitializePlatformSupportModulesInManaged (20ms)
				SetLoadedEditorAssemblies (0ms)
				RefreshPlugins (133ms)
				BeforeProcessingInitializeOnLoad (170ms)
				ProcessInitializeOnLoadAttributes (586ms)
				ProcessInitializeOnLoadMethodAttributes (35ms)
				AfterProcessingInitializeOnLoad (17ms)
				EditorAssembliesLoaded (0ms)
			ExecutionOrderSort2 (0ms)
			AwakeInstancesAfterBackupRestoration (19ms)
Platform modules already initialized, skipping
========================================================================
Worker process is ready to serve import requests
Launched and connected shader compiler UnityShaderCompiler.exe after 0.18 seconds
Refreshing native plugins compatible for Editor in 1.32 ms, found 3 plugins.
Preloading 0 native plugins for Editor in 0.00 ms.
Unloading 2108 Unused Serialized files (Serialized files now loaded: 0)
System memory in use before: 93.6 MB.
System memory in use after: 93.7 MB.

Unloading 26 unused Assets to reduce memory usage. Loaded Objects now: 2548.
Total: 10.507500 ms (FindLiveObjects: 0.590300 ms CreateObjectMapping: 0.762300 ms MarkObjects: 9.002400 ms  DeleteObjects: 0.149500 ms)

AssetImportParameters requested are different than current active one (requested -> active):
  custom:framework-win-MediaFoundation: 216162199b28c13a410421893ffa2e32 -> 
  custom:video-decoder-ogg-theora: a1e56fd34408186e4bbccfd4996cb3dc -> 
  custom:container-muxer-webm: aa71ff27fc2769a1b78a27578f13a17b -> 
  custom:container-demuxer-webm: 4f35f7cbe854078d1ac9338744f61a02 -> 
  custom:container-demuxer-ogg: 62fdf1f143b41e24485cea50d1cbac27 -> 
  custom:video-encoder-webm-vp8: eb34c28f22e8b96e1ab97ce403110664 -> 
  custom:video-decoder-webm-vp8: 9c59270c3fd7afecdb556c50c9e8de78 -> 
  custom:audio-decoder-ogg-vorbis: bf7c407c2cedff20999df2af8eb42d56 -> 
  custom:audio-encoder-webm-vorbis: bf7c407c2cedff20999df2af8eb42d56 -> 
========================================================================
Received Import Request.
  path: Assets/Scripts/ProtaMovimiento.cs
  artifactKey: Guid(a3b91c3e63ebda9478430e6f07a924fa) Importer(815301076,1909f56bfc062723c751e8b465ee728b)
Start importing Assets/Scripts/ProtaMovimiento.cs using Guid(a3b91c3e63ebda9478430e6f07a924fa) Importer(815301076,1909f56bfc062723c751e8b465ee728b)  -> (artifact id: '6029a843112ec3ff9c7777bfbfd93d29') in 0.071873 seconds 
  Import took 0.080159 seconds .

========================================================================
Received Prepare
Registering precompiled user dll's ...
Registered in 0.008825 seconds.
Begin MonoManager ReloadAssembly
Native extension for LinuxStandalone target not found
Native extension for WindowsStandalone target not found
Native extension for OSXStandalone target not found
Native extension for WebGL target not found
Refreshing native plugins compatible for Editor in 0.77 ms, found 3 plugins.
Preloading 0 native plugins for Editor in 0.00 ms.
Mono: successfully reloaded assembly
- Completed reload, in  1.919 seconds
Domain Reload Profiling:
	ReloadAssembly (1919ms)
		BeginReloadAssembly (212ms)
			ExecutionOrderSort (0ms)
			DisableScriptedObjects (10ms)
			BackupInstance (0ms)
			ReleaseScriptingObjects (0ms)
			CreateAndSetChildDomain (64ms)
		EndReloadAssembly (1586ms)
			LoadAssemblies (172ms)
			RebuildTransferFunctionScriptingTraits (0ms)
			SetupTypeCache (601ms)
			ReleaseScriptCaches (1ms)
			RebuildScriptCaches (73ms)
			SetupLoadedEditorAssemblies (566ms)
				LogAssemblyErrors (0ms)
				InitializePlatformSupportModulesInManaged (14ms)
				SetLoadedEditorAssemblies (1ms)
				RefreshPlugins (1ms)
				BeforeProcessingInitializeOnLoad (107ms)
				ProcessInitializeOnLoadAttributes (419ms)
				ProcessInitializeOnLoadMethodAttributes (10ms)
				AfterProcessingInitializeOnLoad (14ms)
				EditorAssembliesLoaded (0ms)
			ExecutionOrderSort2 (0ms)
			AwakeInstancesAfterBackupRestoration (23ms)
Platform modules already initialized, skipping
Refreshing native plugins compatible for Editor in 1.18 ms, found 3 plugins.
Preloading 0 native plugins for Editor in 0.00 ms.
Unloading 2098 Unused Serialized files (Serialized files now loaded: 0)
System memory in use before: 93.1 MB.
System memory in use after: 93.2 MB.

Unloading 14 unused Assets to reduce memory usage. Loaded Objects now: 2551.
Total: 8.305600 ms (FindLiveObjects: 0.457300 ms CreateObjectMapping: 0.221800 ms MarkObjects: 7.549400 ms  DeleteObjects: 0.074700 ms)

AssetImportParameters requested are different than current active one (requested -> active):
  custom:framework-win-MediaFoundation: 216162199b28c13a410421893ffa2e32 -> 
  custom:video-decoder-ogg-theora: a1e56fd34408186e4bbccfd4996cb3dc -> 
  custom:container-muxer-webm: aa71ff27fc2769a1b78a27578f13a17b -> 
  custom:container-demuxer-webm: 4f35f7cbe854078d1ac9338744f61a02 -> 
  custom:container-demuxer-ogg: 62fdf1f143b41e24485cea50d1cbac27 -> 
  custom:video-encoder-webm-vp8: eb34c28f22e8b96e1ab97ce403110664 -> 
  custom:video-decoder-webm-vp8: 9c59270c3fd7afecdb556c50c9e8de78 -> 
  custom:audio-decoder-ogg-vorbis: bf7c407c2cedff20999df2af8eb42d56 -> 
  custom:audio-encoder-webm-vorbis: bf7c407c2cedff20999df2af8eb42d56 -> 
========================================================================
Received Import Request.
  Time since last request: 150.604998 seconds.
  path: Assets/2D Pixel Item Pack/Heavy Outline
  artifactKey: Guid(2aa009d155f61f441acb7b54f5a8fe80) Importer(815301076,1909f56bfc062723c751e8b465ee728b)
Start importing Assets/2D Pixel Item Pack/Heavy Outline using Guid(2aa009d155f61f441acb7b54f5a8fe80) Importer(815301076,1909f56bfc062723c751e8b465ee728b)  -> (artifact id: '5013b67ea3973ffdeeb156a955491782') in 0.021666 seconds 
  Import took 0.027610 seconds .

========================================================================
Received Import Request.
  Time since last request: 0.028313 seconds.
  path: Assets/2D Pixel Item Pack/Heavy Outline/S_ItemHeavyOutline_BarrelBlue_00.png
  artifactKey: Guid(4fb9f67910e50d44ca9c91a218593b79) Importer(815301076,1909f56bfc062723c751e8b465ee728b)
Start importing Assets/2D Pixel Item Pack/Heavy Outline/S_ItemHeavyOutline_BarrelBlue_00.png using Guid(4fb9f67910e50d44ca9c91a218593b79) Importer(815301076,1909f56bfc062723c751e8b465ee728b)  -> (artifact id: 'a41a39ffb06a144b62b37bec245a404c') in 0.165762 seconds 
  Import took 0.171465 seconds .

========================================================================
Received Import Request.
  Time since last request: 0.000280 seconds.
  path: Assets/2D Pixel Item Pack/Heavy Outline/S_ItemHeavyOutline_BarrelPurple_00.png
  artifactKey: Guid(5bbde09ad7dbef143a4227500767d69b) Importer(815301076,1909f56bfc062723c751e8b465ee728b)
Start importing Assets/2D Pixel Item Pack/Heavy Outline/S_ItemHeavyOutline_BarrelPurple_00.png using Guid(5bbde09ad7dbef143a4227500767d69b) Importer(815301076,1909f56bfc062723c751e8b465ee728b)  -> (artifact id: '0bf604cbb775ff0502e6bc315f535ca8') in 0.031285 seconds 
  Import took 0.036555 seconds .

========================================================================
Received Import Request.
  Time since last request: 0.000381 seconds.
  path: Assets/2D Pixel Item Pack/Heavy Outline/S_ItemHeavyOutline_ChestBlue_00.png
  artifactKey: Guid(998da6a559a176f408c1455ca2e250ef) Importer(815301076,1909f56bfc062723c751e8b465ee728b)
Start importing Assets/2D Pixel Item Pack/Heavy Outline/S_ItemHeavyOutline_ChestBlue_00.png using Guid(998da6a559a176f408c1455ca2e250ef) Importer(815301076,1909f56bfc062723c751e8b465ee728b)  -> (artifact id: '6e94b0d56964b79c3571d4b8d5fd8e8b') in 0.023958 seconds 
  Import took 0.029015 seconds .

========================================================================
Received Import Request.
  Time since last request: 0.000299 seconds.
  path: Assets/2D Pixel Item Pack/Heavy Outline/S_ItemHeavyOutline_HeartGold_00.png
  artifactKey: Guid(0d3e542041db03f4bb7384d4b09364c3) Importer(815301076,1909f56bfc062723c751e8b465ee728b)
Start importing Assets/2D Pixel Item Pack/Heavy Outline/S_ItemHeavyOutline_HeartGold_00.png using Guid(0d3e542041db03f4bb7384d4b09364c3) Importer(815301076,1909f56bfc062723c751e8b465ee728b)  -> (artifact id: '910636387e030626f1aa60585343ca38') in 0.027755 seconds 
  Import took 0.032809 seconds .

========================================================================
Received Import Request.
  Time since last request: 0.000332 seconds.
  path: Assets/2D Pixel Item Pack/Heavy Outline/S_ItemHeavyOutline_BarrelGreen_00.png
  artifactKey: Guid(e250d79a240c2af489323def30452048) Importer(815301076,1909f56bfc062723c751e8b465ee728b)
Start importing Assets/2D Pixel Item Pack/Heavy Outline/S_ItemHeavyOutline_BarrelGreen_00.png using Guid(e250d79a240c2af489323def30452048) Importer(815301076,1909f56bfc062723c751e8b465ee728b)  -> (artifact id: '80630fdd8b6510ec2795f6bb08affea5') in 0.024793 seconds 
  Import took 0.033080 seconds .

========================================================================
Received Import Request.
  Time since last request: 0.000304 seconds.
  path: Assets/2D Pixel Item Pack/Heavy Outline/S_ItemHeavyOutline_HeartGreen_00.png
  artifactKey: Guid(df20f90b61468cf46ac30fb4d258bdc1) Importer(815301076,1909f56bfc062723c751e8b465ee728b)
Start importing Assets/2D Pixel Item Pack/Heavy Outline/S_ItemHeavyOutline_HeartGreen_00.png using Guid(df20f90b61468cf46ac30fb4d258bdc1) Importer(815301076,1909f56bfc062723c751e8b465ee728b)  -> (artifact id: '0a66ad8a137102be55774663cbc35906') in 0.026537 seconds 
  Import took 0.034100 seconds .

========================================================================
Received Import Request.
  Time since last request: 0.000260 seconds.
  path: Assets/2D Pixel Item Pack/Heavy Outline/S_ItemHeavyOutline_JarGold_00.png
  artifactKey: Guid(5775109fdaceec14bacc8fa0025883a4) Importer(815301076,1909f56bfc062723c751e8b465ee728b)
Start importing Assets/2D Pixel Item Pack/Heavy Outline/S_ItemHeavyOutline_JarGold_00.png using Guid(5775109fdaceec14bacc8fa0025883a4) Importer(815301076,1909f56bfc062723c751e8b465ee728b)  -> (artifact id: '6ea99cc7a780d5ad4679dd376996a9ea') in 0.026560 seconds 
  Import took 0.032286 seconds .

========================================================================
Received Import Request.
  Time since last request: 0.000252 seconds.
  path: Assets/2D Pixel Item Pack/Heavy Outline/S_ItemHeavyOutline_HeartBlue_00.png
  artifactKey: Guid(11497421820b4c44f8fa0bd0cc98f1fd) Importer(815301076,1909f56bfc062723c751e8b465ee728b)
Start importing Assets/2D Pixel Item Pack/Heavy Outline/S_ItemHeavyOutline_HeartBlue_00.png using Guid(11497421820b4c44f8fa0bd0cc98f1fd) Importer(815301076,1909f56bfc062723c751e8b465ee728b)  -> (artifact id: '281c84dca9e260198e92f1bff39d27ac') in 0.029023 seconds 
  Import took 0.036073 seconds .

========================================================================
Received Import Request.
  Time since last request: 0.000306 seconds.
  path: Assets/2D Pixel Item Pack/Heavy Outline/S_ItemHeavyOutline_CoinGold_00.png
  artifactKey: Guid(b7169c21225b1f04ab520fd934e0cd2c) Importer(815301076,1909f56bfc062723c751e8b465ee728b)
Start importing Assets/2D Pixel Item Pack/Heavy Outline/S_ItemHeavyOutline_CoinGold_00.png using Guid(b7169c21225b1f04ab520fd934e0cd2c) Importer(815301076,1909f56bfc062723c751e8b465ee728b)  -> (artifact id: 'd1f740aa265a069a495eb2194935c1d3') in 0.033492 seconds 
  Import took 0.039370 seconds .

========================================================================
Received Import Request.
  Time since last request: 0.000241 seconds.
  path: Assets/2D Pixel Item Pack/Heavy Outline/S_ItemHeavyOutline_HeartPurple_00.png
  artifactKey: Guid(accc512d8b38f394aa4cf98b48739728) Importer(815301076,1909f56bfc062723c751e8b465ee728b)
Start importing Assets/2D Pixel Item Pack/Heavy Outline/S_ItemHeavyOutline_HeartPurple_00.png using Guid(accc512d8b38f394aa4cf98b48739728) Importer(815301076,1909f56bfc062723c751e8b465ee728b)  -> (artifact id: 'dc6c56f59030d0045d315f626b576e57') in 0.030934 seconds 
  Import took 0.036093 seconds .

========================================================================
Received Import Request.
  Time since last request: 0.000300 seconds.
  path: Assets/2D Pixel Item Pack/Heavy Outline/S_ItemHeavyOutline_PotionBlue_02.png
  artifactKey: Guid(496254eaa192f7946a180ced39f4ffe3) Importer(815301076,1909f56bfc062723c751e8b465ee728b)
Start importing Assets/2D Pixel Item Pack/Heavy Outline/S_ItemHeavyOutline_PotionBlue_02.png using Guid(496254eaa192f7946a180ced39f4ffe3) Importer(815301076,1909f56bfc062723c751e8b465ee728b)  -> (artifact id: 'c8926dab0e46b010dc0ee59b208fca7b') in 0.040498 seconds 
  Import took 0.048211 seconds .

========================================================================
Received Import Request.
  Time since last request: 0.000248 seconds.
  path: Assets/2D Pixel Item Pack/Heavy Outline/S_ItemHeavyOutline_BarrelGold_00.png
  artifactKey: Guid(cfb9534e88f2cca4f998d9620eccbdf9) Importer(815301076,1909f56bfc062723c751e8b465ee728b)
Start importing Assets/2D Pixel Item Pack/Heavy Outline/S_ItemHeavyOutline_BarrelGold_00.png using Guid(cfb9534e88f2cca4f998d9620eccbdf9) Importer(815301076,1909f56bfc062723c751e8b465ee728b)  -> (artifact id: '446a331b3024a8dead28f639a400fc48') in 0.023716 seconds 
  Import took 0.029319 seconds .

========================================================================
Received Import Request.
  Time since last request: 0.000242 seconds.
  path: Assets/2D Pixel Item Pack/Heavy Outline/S_ItemHeavyOutline_JarBlue_01.png
  artifactKey: Guid(1c03cba2df0c2f5489583ca1ad01cc0a) Importer(815301076,1909f56bfc062723c751e8b465ee728b)
Start importing Assets/2D Pixel Item Pack/Heavy Outline/S_ItemHeavyOutline_JarBlue_01.png using Guid(1c03cba2df0c2f5489583ca1ad01cc0a) Importer(815301076,1909f56bfc062723c751e8b465ee728b)  -> (artifact id: '274bf8f9a6b9daeeab5bfe69e0da8830') in 0.033019 seconds 
  Import took 0.042418 seconds .

========================================================================
Received Import Request.
  Time since last request: 0.000302 seconds.
  path: Assets/2D Pixel Item Pack/Heavy Outline/S_ItemHeavyOutline_JarPurple_01.png
  artifactKey: Guid(e3d1eaf805bf5fd49bc8281bac4848b0) Importer(815301076,1909f56bfc062723c751e8b465ee728b)
Start importing Assets/2D Pixel Item Pack/Heavy Outline/S_ItemHeavyOutline_JarPurple_01.png using Guid(e3d1eaf805bf5fd49bc8281bac4848b0) Importer(815301076,1909f56bfc062723c751e8b465ee728b)  -> (artifact id: '0d08b45df545a5b5e756926728fa1b2e') in 0.026399 seconds 
  Import took 0.032624 seconds .

========================================================================
Received Import Request.
  Time since last request: 0.000361 seconds.
  path: Assets/2D Pixel Item Pack/Heavy Outline/S_ItemHeavyOutline_JarPurple_00.png
  artifactKey: Guid(f0c791a61d836134ebacb8eed2c6c122) Importer(815301076,1909f56bfc062723c751e8b465ee728b)
Start importing Assets/2D Pixel Item Pack/Heavy Outline/S_ItemHeavyOutline_JarPurple_00.png using Guid(f0c791a61d836134ebacb8eed2c6c122) Importer(815301076,1909f56bfc062723c751e8b465ee728b)  -> (artifact id: '1bcc6650c95d4c7f38e7c743e9fa56bc') in 0.024829 seconds 
  Import took 0.030224 seconds .

========================================================================
Received Import Request.
  Time since last request: 0.000279 seconds.
  path: Assets/2D Pixel Item Pack/Heavy Outline/S_ItemHeavyOutline_CoinPurple_00.png
  artifactKey: Guid(a8b2dd49f82df4243b372efd8a053dfd) Importer(815301076,1909f56bfc062723c751e8b465ee728b)
Start importing Assets/2D Pixel Item Pack/Heavy Outline/S_ItemHeavyOutline_CoinPurple_00.png using Guid(a8b2dd49f82df4243b372efd8a053dfd) Importer(815301076,1909f56bfc062723c751e8b465ee728b)  -> (artifact id: 'c9eeb68b075f6072cb41fd778129368d') in 0.035272 seconds 
  Import took 0.041091 seconds .

========================================================================
Received Import Request.
  Time since last request: 0.000265 seconds.
  path: Assets/2D Pixel Item Pack/Heavy Outline/S_ItemHeavyOutline_JarGreen_01.png
  artifactKey: Guid(b11b9cfda6a1c3e40bbfc86f6679be30) Importer(815301076,1909f56bfc062723c751e8b465ee728b)
Start importing Assets/2D Pixel Item Pack/Heavy Outline/S_ItemHeavyOutline_JarGreen_01.png using Guid(b11b9cfda6a1c3e40bbfc86f6679be30) Importer(815301076,1909f56bfc062723c751e8b465ee728b)  -> (artifact id: 'b763596190e80c8e347efb3a31e2742b') in 0.026544 seconds 
  Import took 0.036660 seconds .

========================================================================
Received Import Request.
  Time since last request: 0.000385 seconds.
  path: Assets/2D Pixel Item Pack/Heavy Outline/S_ItemHeavyOutline_HeartRed_00.png
  artifactKey: Guid(15cc575b0d9a36846838578bfb080819) Importer(815301076,1909f56bfc062723c751e8b465ee728b)
Start importing Assets/2D Pixel Item Pack/Heavy Outline/S_ItemHeavyOutline_HeartRed_00.png using Guid(15cc575b0d9a36846838578bfb080819) Importer(815301076,1909f56bfc062723c751e8b465ee728b)  -> (artifact id: '02a9743fe50c0d71af3a2922de0a773b') in 0.024369 seconds 
  Import took 0.036548 seconds .

========================================================================
Received Import Request.
  Time since last request: 0.000540 seconds.
  path: Assets/2D Pixel Item Pack/Heavy Outline/S_ItemHeavyOutline_PotionBlue_01.png
  artifactKey: Guid(94113daefd864e64595a2b73b933e835) Importer(815301076,1909f56bfc062723c751e8b465ee728b)
Start importing Assets/2D Pixel Item Pack/Heavy Outline/S_ItemHeavyOutline_PotionBlue_01.png using Guid(94113daefd864e64595a2b73b933e835) Importer(815301076,1909f56bfc062723c751e8b465ee728b)  -> (artifact id: '15ea94ea3b5963b093a470452632a8e3') in 0.021263 seconds 
  Import took 0.028814 seconds .

========================================================================
Received Import Request.
  Time since last request: 0.000321 seconds.
  path: Assets/2D Pixel Item Pack/Heavy Outline/S_ItemHeavyOutline_PotionBlue_00.png
  artifactKey: Guid(16a19be914363964790a17ef8b0bb192) Importer(815301076,1909f56bfc062723c751e8b465ee728b)
Start importing Assets/2D Pixel Item Pack/Heavy Outline/S_ItemHeavyOutline_PotionBlue_00.png using Guid(16a19be914363964790a17ef8b0bb192) Importer(815301076,1909f56bfc062723c751e8b465ee728b)  -> (artifact id: '8fc6116eff4a8124418cba5a966f84d3') in 0.024941 seconds 
  Import took 0.031536 seconds .

========================================================================
Received Import Request.
  Time since last request: 0.000244 seconds.
  path: Assets/2D Pixel Item Pack/Heavy Outline/S_ItemHeavyOutline_CoinBlue_00.png
  artifactKey: Guid(4e70cd05a0e304940aeeaa167e472f22) Importer(815301076,1909f56bfc062723c751e8b465ee728b)
Start importing Assets/2D Pixel Item Pack/Heavy Outline/S_ItemHeavyOutline_CoinBlue_00.png using Guid(4e70cd05a0e304940aeeaa167e472f22) Importer(815301076,1909f56bfc062723c751e8b465ee728b)  -> (artifact id: 'f66d66b23945a43223453289b7727858') in 0.030937 seconds 
  Import took 0.036311 seconds .

========================================================================
Received Import Request.
  Time since last request: 0.000261 seconds.
  path: Assets/2D Pixel Item Pack/Heavy Outline/S_ItemHeavyOutline_JarGold_01.png
  artifactKey: Guid(24fd49e15c47ec54ab455b14c2430b67) Importer(815301076,1909f56bfc062723c751e8b465ee728b)
Start importing Assets/2D Pixel Item Pack/Heavy Outline/S_ItemHeavyOutline_JarGold_01.png using Guid(24fd49e15c47ec54ab455b14c2430b67) Importer(815301076,1909f56bfc062723c751e8b465ee728b)  -> (artifact id: 'bae40b3289a0fb8750858a8967a32381') in 0.027969 seconds 
  Import took 0.034618 seconds .

========================================================================
Received Import Request.
  Time since last request: 0.000256 seconds.
  path: Assets/2D Pixel Item Pack/Heavy Outline/S_ItemHeavyOutline_JarRed_01.png
  artifactKey: Guid(891b417b9d32c9244a95ade4212d6b7a) Importer(815301076,1909f56bfc062723c751e8b465ee728b)
Start importing Assets/2D Pixel Item Pack/Heavy Outline/S_ItemHeavyOutline_JarRed_01.png using Guid(891b417b9d32c9244a95ade4212d6b7a) Importer(815301076,1909f56bfc062723c751e8b465ee728b)  -> (artifact id: 'fc29dee564471404a54f2f5ad418b6d9') in 0.020374 seconds 
  Import took 0.027564 seconds .

========================================================================
Received Import Request.
  Time since last request: 0.000307 seconds.
  path: Assets/2D Pixel Item Pack/Heavy Outline/S_ItemHeavyOutline_BarrelRed_00.png
  artifactKey: Guid(15fd679098c39bd4890d7e0cd1d49d15) Importer(815301076,1909f56bfc062723c751e8b465ee728b)
Start importing Assets/2D Pixel Item Pack/Heavy Outline/S_ItemHeavyOutline_BarrelRed_00.png using Guid(15fd679098c39bd4890d7e0cd1d49d15) Importer(815301076,1909f56bfc062723c751e8b465ee728b)  -> (artifact id: '3db84f505cca54b2b0297445b9132adc') in 0.025528 seconds 
  Import took 0.032380 seconds .

========================================================================
Received Import Request.
  Time since last request: 0.000263 seconds.
  path: Assets/2D Pixel Item Pack/Heavy Outline/S_ItemHeavyOutline_ChestRed_00.png
  artifactKey: Guid(50fc0b00f1cca6d4198745eee8695886) Importer(815301076,1909f56bfc062723c751e8b465ee728b)
Start importing Assets/2D Pixel Item Pack/Heavy Outline/S_ItemHeavyOutline_ChestRed_00.png using Guid(50fc0b00f1cca6d4198745eee8695886) Importer(815301076,1909f56bfc062723c751e8b465ee728b)  -> (artifact id: '0275603f7e5b3279391c343ada48096f') in 0.025307 seconds 
  Import took 0.031129 seconds .

========================================================================
Received Import Request.
  Time since last request: 0.000371 seconds.
  path: Assets/2D Pixel Item Pack/Heavy Outline/S_ItemHeavyOutline_ChestGold_00.png
  artifactKey: Guid(d9c66f7849c970e4c8d3447141d6d291) Importer(815301076,1909f56bfc062723c751e8b465ee728b)
Start importing Assets/2D Pixel Item Pack/Heavy Outline/S_ItemHeavyOutline_ChestGold_00.png using Guid(d9c66f7849c970e4c8d3447141d6d291) Importer(815301076,1909f56bfc062723c751e8b465ee728b)  -> (artifact id: '4df1572df801728ee5de613b63416c8c') in 0.023402 seconds 
  Import took 0.029396 seconds .

========================================================================
Received Import Request.
  Time since last request: 0.000283 seconds.
  path: Assets/2D Pixel Item Pack/Heavy Outline/S_ItemHeavyOutline_JarGreen_00.png
  artifactKey: Guid(6d66159f201fc9d4ab6edf9f5ccc0414) Importer(815301076,1909f56bfc062723c751e8b465ee728b)
Start importing Assets/2D Pixel Item Pack/Heavy Outline/S_ItemHeavyOutline_JarGreen_00.png using Guid(6d66159f201fc9d4ab6edf9f5ccc0414) Importer(815301076,1909f56bfc062723c751e8b465ee728b)  -> (artifact id: '9b1eccc86efd37ab8b2bc174a06c1e78') in 0.023168 seconds 
  Import took 0.029758 seconds .

========================================================================
Received Import Request.
  Time since last request: 0.000303 seconds.
  path: Assets/2D Pixel Item Pack/Heavy Outline/S_ItemHeavyOutline_CoinGreen_00.png
  artifactKey: Guid(e0d237a6d693d244ab936f97209438d1) Importer(815301076,1909f56bfc062723c751e8b465ee728b)
Start importing Assets/2D Pixel Item Pack/Heavy Outline/S_ItemHeavyOutline_CoinGreen_00.png using Guid(e0d237a6d693d244ab936f97209438d1) Importer(815301076,1909f56bfc062723c751e8b465ee728b)  -> (artifact id: '92b2dd7fded63033f78360a872e0ca33') in 0.036714 seconds 
  Import took 0.042064 seconds .

========================================================================
Received Import Request.
  Time since last request: 0.000280 seconds.
  path: Assets/2D Pixel Item Pack/Heavy Outline/S_ItemHeavyOutline_ChestGreen_00.png
  artifactKey: Guid(8efcec33cbef00a4891b69af35df1b97) Importer(815301076,1909f56bfc062723c751e8b465ee728b)
Start importing Assets/2D Pixel Item Pack/Heavy Outline/S_ItemHeavyOutline_ChestGreen_00.png using Guid(8efcec33cbef00a4891b69af35df1b97) Importer(815301076,1909f56bfc062723c751e8b465ee728b)  -> (artifact id: '1f0fac355dc65e390b73bf9a1eee7cbe') in 0.035616 seconds 
  Import took 0.042112 seconds .

========================================================================
Received Import Request.
  Time since last request: 0.000287 seconds.
  path: Assets/2D Pixel Item Pack/Heavy Outline/S_ItemHeavyOutline_JarRed_00.png
  artifactKey: Guid(696f52c7965f17746a01941fdbb0b1ba) Importer(815301076,1909f56bfc062723c751e8b465ee728b)
Start importing Assets/2D Pixel Item Pack/Heavy Outline/S_ItemHeavyOutline_JarRed_00.png using Guid(696f52c7965f17746a01941fdbb0b1ba) Importer(815301076,1909f56bfc062723c751e8b465ee728b)  -> (artifact id: '89c4da45ecdf56b9d89657d702107025') in 0.024867 seconds 
  Import took 0.030605 seconds .

========================================================================
Received Import Request.
  Time since last request: 0.000281 seconds.
  path: Assets/2D Pixel Item Pack/Heavy Outline/S_ItemHeavyOutline_JarBlue_00.png
  artifactKey: Guid(37636ce6276d5fb41972b2da4df42cee) Importer(815301076,1909f56bfc062723c751e8b465ee728b)
Start importing Assets/2D Pixel Item Pack/Heavy Outline/S_ItemHeavyOutline_JarBlue_00.png using Guid(37636ce6276d5fb41972b2da4df42cee) Importer(815301076,1909f56bfc062723c751e8b465ee728b)  -> (artifact id: 'c08e515cd04a6ac5465a0f70997f476b') in 0.022916 seconds 
  Import took 0.037664 seconds .

========================================================================
Received Import Request.
  Time since last request: 0.000254 seconds.
  path: Assets/2D Pixel Item Pack/Heavy Outline/S_ItemHeavyOutline_PotionGold_00.png
  artifactKey: Guid(bfe2172ea6d8548459c72a978878c238) Importer(815301076,1909f56bfc062723c751e8b465ee728b)
Start importing Assets/2D Pixel Item Pack/Heavy Outline/S_ItemHeavyOutline_PotionGold_00.png using Guid(bfe2172ea6d8548459c72a978878c238) Importer(815301076,1909f56bfc062723c751e8b465ee728b)  -> (artifact id: 'a7c54b40d4c3347aa966a6bffd1c99de') in 0.024172 seconds 
  Import took 0.030068 seconds .

========================================================================
Received Import Request.
  Time since last request: 0.000254 seconds.
  path: Assets/2D Pixel Item Pack/Heavy Outline/S_ItemHeavyOutline_CoinRed_00.png
  artifactKey: Guid(436d8a990a1a0ad4fa3e3239c39a361f) Importer(815301076,1909f56bfc062723c751e8b465ee728b)
Start importing Assets/2D Pixel Item Pack/Heavy Outline/S_ItemHeavyOutline_CoinRed_00.png using Guid(436d8a990a1a0ad4fa3e3239c39a361f) Importer(815301076,1909f56bfc062723c751e8b465ee728b)  -> (artifact id: '8ba047361ce3d80fed26eafebb647349') in 0.025199 seconds 
  Import took 0.030613 seconds .

========================================================================
Received Import Request.
  Time since last request: 0.000271 seconds.
  path: Assets/2D Pixel Item Pack/Heavy Outline/S_ItemHeavyOutline_ChestPurple_00.png
  artifactKey: Guid(059feff74a0d4724a94740b0e9951ea9) Importer(815301076,1909f56bfc062723c751e8b465ee728b)
Start importing Assets/2D Pixel Item Pack/Heavy Outline/S_ItemHeavyOutline_ChestPurple_00.png using Guid(059feff74a0d4724a94740b0e9951ea9) Importer(815301076,1909f56bfc062723c751e8b465ee728b)  -> (artifact id: '8670b6799518d15efd52adf16ae2e7bb') in 0.025074 seconds 
  Import took 0.030507 seconds .

========================================================================
Received Import Request.
  Time since last request: 17.431803 seconds.
  path: Assets/2D Pixel Item Pack/Heavy Outline/S_ItemHeavyOutline_PotionGold_01.png
  artifactKey: Guid(896b834b8d11cca4b8293dd8e75d2e74) Importer(815301076,1909f56bfc062723c751e8b465ee728b)
Start importing Assets/2D Pixel Item Pack/Heavy Outline/S_ItemHeavyOutline_PotionGold_01.png using Guid(896b834b8d11cca4b8293dd8e75d2e74) Importer(815301076,1909f56bfc062723c751e8b465ee728b)  -> (artifact id: 'dafe66da0a4463a787d429fdf358083d') in 0.021491 seconds 
  Import took 0.027103 seconds .

========================================================================
Received Import Request.
  Time since last request: 0.002077 seconds.
  path: Assets/2D Pixel Item Pack/Heavy Outline/S_ItemHeavyOutline_PotionPurple_02.png
  artifactKey: Guid(6edd092ef6bfd8445b7c4fc81d9c240c) Importer(815301076,1909f56bfc062723c751e8b465ee728b)
Start importing Assets/2D Pixel Item Pack/Heavy Outline/S_ItemHeavyOutline_PotionPurple_02.png using Guid(6edd092ef6bfd8445b7c4fc81d9c240c) Importer(815301076,1909f56bfc062723c751e8b465ee728b)  -> (artifact id: '44fec9c3d6ffc10e706a0d6b532422a7') in 0.031682 seconds 
  Import took 0.038070 seconds .

========================================================================
Received Import Request.
  Time since last request: 0.000317 seconds.
  path: Assets/2D Pixel Item Pack/Heavy Outline/S_ItemHeavyOutline_PotionPurple_00.png
  artifactKey: Guid(40ec6c6ab3fa68a478a5092ae1598716) Importer(815301076,1909f56bfc062723c751e8b465ee728b)
Start importing Assets/2D Pixel Item Pack/Heavy Outline/S_ItemHeavyOutline_PotionPurple_00.png using Guid(40ec6c6ab3fa68a478a5092ae1598716) Importer(815301076,1909f56bfc062723c751e8b465ee728b)  -> (artifact id: '53c7a6882b3109a1d3ff0767a687e650') in 0.021182 seconds 
  Import took 0.040842 seconds .

========================================================================
Received Import Request.
  Time since last request: 0.000288 seconds.
  path: Assets/2D Pixel Item Pack/Heavy Outline/S_ItemHeavyOutline_PotionGreen_02.png
  artifactKey: Guid(151074cac6b290e418b03b20c5e2c6e1) Importer(815301076,1909f56bfc062723c751e8b465ee728b)
Start importing Assets/2D Pixel Item Pack/Heavy Outline/S_ItemHeavyOutline_PotionGreen_02.png using Guid(151074cac6b290e418b03b20c5e2c6e1) Importer(815301076,1909f56bfc062723c751e8b465ee728b)  -> (artifact id: '44a83b706634cb026e907aa20a470689') in 0.021225 seconds 
  Import took 0.026322 seconds .

========================================================================
Received Import Request.
  Time since last request: 0.000298 seconds.
  path: Assets/2D Pixel Item Pack/Heavy Outline/S_ItemHeavyOutline_PotionGreen_00.png
  artifactKey: Guid(d19ccb8e619c9324487328c4f83f7f66) Importer(815301076,1909f56bfc062723c751e8b465ee728b)
Start importing Assets/2D Pixel Item Pack/Heavy Outline/S_ItemHeavyOutline_PotionGreen_00.png using Guid(d19ccb8e619c9324487328c4f83f7f66) Importer(815301076,1909f56bfc062723c751e8b465ee728b)  -> (artifact id: '7b4d887a71c98ecd983a1890f140968f') in 0.034443 seconds 
  Import took 0.042457 seconds .

========================================================================
Received Import Request.
  Time since last request: 0.000385 seconds.
  path: Assets/2D Pixel Item Pack/Heavy Outline/S_ItemHeavyOutline_PotionPurple_01.png
  artifactKey: Guid(aea25ed5f86cab246ac2abb823cb999b) Importer(815301076,1909f56bfc062723c751e8b465ee728b)
Start importing Assets/2D Pixel Item Pack/Heavy Outline/S_ItemHeavyOutline_PotionPurple_01.png using Guid(aea25ed5f86cab246ac2abb823cb999b) Importer(815301076,1909f56bfc062723c751e8b465ee728b)  -> (artifact id: '8eda2d25e7ef11c7ae6940e482e1b687') in 0.028649 seconds 
  Import took 0.034856 seconds .

========================================================================
Received Import Request.
  Time since last request: 0.000287 seconds.
  path: Assets/2D Pixel Item Pack/Heavy Outline/S_ItemHeavyOutline_PotionGreen_01.png
  artifactKey: Guid(e055b4cdff7e1324495f5cba57fbcb33) Importer(815301076,1909f56bfc062723c751e8b465ee728b)
Start importing Assets/2D Pixel Item Pack/Heavy Outline/S_ItemHeavyOutline_PotionGreen_01.png using Guid(e055b4cdff7e1324495f5cba57fbcb33) Importer(815301076,1909f56bfc062723c751e8b465ee728b)  -> (artifact id: 'b9439bae4941c364c17f48c51b402f34') in 0.023421 seconds 
  Import took 0.029246 seconds .

========================================================================
Received Import Request.
  Time since last request: 0.001047 seconds.
  path: Assets/2D Pixel Item Pack/Heavy Outline/S_ItemHeavyOutline_PotionRed_02.png
  artifactKey: Guid(ea665887fc114a1419626aa55d7eb60c) Importer(815301076,1909f56bfc062723c751e8b465ee728b)
Start importing Assets/2D Pixel Item Pack/Heavy Outline/S_ItemHeavyOutline_PotionRed_02.png using Guid(ea665887fc114a1419626aa55d7eb60c) Importer(815301076,1909f56bfc062723c751e8b465ee728b)  -> (artifact id: '9974a2daeb180b7199a4fd9ed3e51541') in 0.026122 seconds 
  Import took 0.033876 seconds .

========================================================================
Received Import Request.
  Time since last request: 0.000437 seconds.
  path: Assets/2D Pixel Item Pack/Heavy Outline/S_ItemHeavyOutline_PotionRed_00.png
  artifactKey: Guid(2f605f8487435b64780f2f663cc01c4c) Importer(815301076,1909f56bfc062723c751e8b465ee728b)
Start importing Assets/2D Pixel Item Pack/Heavy Outline/S_ItemHeavyOutline_PotionRed_00.png using Guid(2f605f8487435b64780f2f663cc01c4c) Importer(815301076,1909f56bfc062723c751e8b465ee728b)  -> (artifact id: '503d04fd0a83828cda8ebf246d12223f') in 0.034972 seconds 
  Import took 0.040175 seconds .

========================================================================
Received Import Request.
  Time since last request: 0.000499 seconds.
  path: Assets/2D Pixel Item Pack/Heavy Outline/S_ItemHeavyOutline_PotionGold_02.png
  artifactKey: Guid(642c9aabc6c34a44fb748967f149019e) Importer(815301076,1909f56bfc062723c751e8b465ee728b)
Start importing Assets/2D Pixel Item Pack/Heavy Outline/S_ItemHeavyOutline_PotionGold_02.png using Guid(642c9aabc6c34a44fb748967f149019e) Importer(815301076,1909f56bfc062723c751e8b465ee728b)  -> (artifact id: 'bc31b95ad5b95fb4d71aa432298ff8e7') in 0.038670 seconds 
  Import took 0.044859 seconds .

========================================================================
Received Import Request.
  Time since last request: 0.000264 seconds.
  path: Assets/2D Pixel Item Pack/Heavy Outline/S_ItemHeavyOutline_PotionRed_01.png
  artifactKey: Guid(c01f7a293883d3a408c2a84b25f48f27) Importer(815301076,1909f56bfc062723c751e8b465ee728b)
Start importing Assets/2D Pixel Item Pack/Heavy Outline/S_ItemHeavyOutline_PotionRed_01.png using Guid(c01f7a293883d3a408c2a84b25f48f27) Importer(815301076,1909f56bfc062723c751e8b465ee728b)  -> (artifact id: 'cd975aaf664843d66539c3864b69dade') in 0.021715 seconds 
  Import took 0.026750 seconds .

========================================================================
Received Import Request.
  Time since last request: 67.580646 seconds.
  path: ProjectSettings/TagManager.asset
  artifactKey: Guid(00000000000000003000000000000000) Importer(815301076,1909f56bfc062723c751e8b465ee728b)
Start importing ProjectSettings/TagManager.asset using Guid(00000000000000003000000000000000) Importer(815301076,1909f56bfc062723c751e8b465ee728b)  -> (artifact id: 'ce6a35c3cddc746e7501c0bd0ed6d4ce') in 0.022611 seconds 
  Import took 0.030366 seconds .

========================================================================
Received Prepare
Registering precompiled user dll's ...
Registered in 1.083682 seconds.
Begin MonoManager ReloadAssembly
Native extension for LinuxStandalone target not found
Native extension for WindowsStandalone target not found
Native extension for OSXStandalone target not found
Native extension for WebGL target not found
Refreshing native plugins compatible for Editor in 0.74 ms, found 3 plugins.
Preloading 0 native plugins for Editor in 0.00 ms.
Mono: successfully reloaded assembly
- Completed reload, in  4.393 seconds
Domain Reload Profiling:
	ReloadAssembly (4394ms)
		BeginReloadAssembly (290ms)
			ExecutionOrderSort (0ms)
			DisableScriptedObjects (11ms)
			BackupInstance (0ms)
			ReleaseScriptingObjects (0ms)
			CreateAndSetChildDomain (57ms)
		EndReloadAssembly (3971ms)
			LoadAssemblies (1603ms)
			RebuildTransferFunctionScriptingTraits (0ms)
			SetupTypeCache (1609ms)
			ReleaseScriptCaches (1ms)
			RebuildScriptCaches (62ms)
			SetupLoadedEditorAssemblies (648ms)
				LogAssemblyErrors (0ms)
				InitializePlatformSupportModulesInManaged (12ms)
				SetLoadedEditorAssemblies (1ms)
				RefreshPlugins (1ms)
				BeforeProcessingInitializeOnLoad (104ms)
				ProcessInitializeOnLoadAttributes (510ms)
				ProcessInitializeOnLoadMethodAttributes (8ms)
				AfterProcessingInitializeOnLoad (13ms)
				EditorAssembliesLoaded (0ms)
			ExecutionOrderSort2 (0ms)
			AwakeInstancesAfterBackupRestoration (16ms)
Platform modules already initialized, skipping
Refreshing native plugins compatible for Editor in 0.78 ms, found 3 plugins.
Preloading 0 native plugins for Editor in 0.00 ms.
Unloading 2098 Unused Serialized files (Serialized files now loaded: 0)
System memory in use before: 96.1 MB.
System memory in use after: 96.2 MB.

Unloading 15 unused Assets to reduce memory usage. Loaded Objects now: 2574.
Total: 4.798400 ms (FindLiveObjects: 0.259400 ms CreateObjectMapping: 0.148600 ms MarkObjects: 4.349700 ms  DeleteObjects: 0.038800 ms)

AssetImportParameters requested are different than current active one (requested -> active):
  custom:framework-win-MediaFoundation: 216162199b28c13a410421893ffa2e32 -> 
  custom:video-decoder-ogg-theora: a1e56fd34408186e4bbccfd4996cb3dc -> 
  custom:container-muxer-webm: aa71ff27fc2769a1b78a27578f13a17b -> 
  custom:container-demuxer-webm: 4f35f7cbe854078d1ac9338744f61a02 -> 
  custom:container-demuxer-ogg: 62fdf1f143b41e24485cea50d1cbac27 -> 
  custom:video-encoder-webm-vp8: eb34c28f22e8b96e1ab97ce403110664 -> 
  custom:video-decoder-webm-vp8: 9c59270c3fd7afecdb556c50c9e8de78 -> 
  custom:audio-decoder-ogg-vorbis: bf7c407c2cedff20999df2af8eb42d56 -> 
  custom:audio-encoder-webm-vorbis: bf7c407c2cedff20999df2af8eb42d56 -> 
========================================================================
Received Prepare
Registering precompiled user dll's ...
Registered in 0.007818 seconds.
Begin MonoManager ReloadAssembly
Native extension for LinuxStandalone target not found
Native extension for WindowsStandalone target not found
Native extension for OSXStandalone target not found
Native extension for WebGL target not found
Refreshing native plugins compatible for Editor in 1.16 ms, found 3 plugins.
Preloading 0 native plugins for Editor in 0.00 ms.
Mono: successfully reloaded assembly
- Completed reload, in  1.648 seconds
Domain Reload Profiling:
	ReloadAssembly (1649ms)
		BeginReloadAssembly (189ms)
			ExecutionOrderSort (0ms)
			DisableScriptedObjects (10ms)
			BackupInstance (0ms)
			ReleaseScriptingObjects (0ms)
			CreateAndSetChildDomain (56ms)
		EndReloadAssembly (1357ms)
			LoadAssemblies (154ms)
			RebuildTransferFunctionScriptingTraits (0ms)
			SetupTypeCache (488ms)
			ReleaseScriptCaches (1ms)
			RebuildScriptCaches (71ms)
			SetupLoadedEditorAssemblies (483ms)
				LogAssemblyErrors (0ms)
				InitializePlatformSupportModulesInManaged (15ms)
				SetLoadedEditorAssemblies (1ms)
				RefreshPlugins (1ms)
				BeforeProcessingInitializeOnLoad (108ms)
				ProcessInitializeOnLoadAttributes (337ms)
				ProcessInitializeOnLoadMethodAttributes (9ms)
				AfterProcessingInitializeOnLoad (12ms)
				EditorAssembliesLoaded (0ms)
			ExecutionOrderSort2 (0ms)
			AwakeInstancesAfterBackupRestoration (17ms)
Platform modules already initialized, skipping
Refreshing native plugins compatible for Editor in 1.37 ms, found 3 plugins.
Preloading 0 native plugins for Editor in 0.00 ms.
Unloading 2098 Unused Serialized files (Serialized files now loaded: 0)
System memory in use before: 96.1 MB.
System memory in use after: 96.3 MB.

Unloading 14 unused Assets to reduce memory usage. Loaded Objects now: 2577.
Total: 5.178100 ms (FindLiveObjects: 0.317100 ms CreateObjectMapping: 0.145800 ms MarkObjects: 4.684300 ms  DeleteObjects: 0.029000 ms)

AssetImportParameters requested are different than current active one (requested -> active):
  custom:framework-win-MediaFoundation: 216162199b28c13a410421893ffa2e32 -> 
  custom:video-decoder-ogg-theora: a1e56fd34408186e4bbccfd4996cb3dc -> 
  custom:container-muxer-webm: aa71ff27fc2769a1b78a27578f13a17b -> 
  custom:container-demuxer-webm: 4f35f7cbe854078d1ac9338744f61a02 -> 
  custom:container-demuxer-ogg: 62fdf1f143b41e24485cea50d1cbac27 -> 
  custom:video-encoder-webm-vp8: eb34c28f22e8b96e1ab97ce403110664 -> 
  custom:video-decoder-webm-vp8: 9c59270c3fd7afecdb556c50c9e8de78 -> 
  custom:audio-decoder-ogg-vorbis: bf7c407c2cedff20999df2af8eb42d56 -> 
  custom:audio-encoder-webm-vorbis: bf7c407c2cedff20999df2af8eb42d56 -> 
========================================================================
Received Prepare
Registering precompiled user dll's ...
Registered in 0.007312 seconds.
Begin MonoManager ReloadAssembly
Native extension for LinuxStandalone target not found
Native extension for WindowsStandalone target not found
Native extension for OSXStandalone target not found
Native extension for WebGL target not found
Refreshing native plugins compatible for Editor in 1.27 ms, found 3 plugins.
Preloading 0 native plugins for Editor in 0.00 ms.
Mono: successfully reloaded assembly
- Completed reload, in  2.028 seconds
Domain Reload Profiling:
	ReloadAssembly (2029ms)
		BeginReloadAssembly (184ms)
			ExecutionOrderSort (0ms)
			DisableScriptedObjects (10ms)
			BackupInstance (0ms)
			ReleaseScriptingObjects (0ms)
			CreateAndSetChildDomain (57ms)
		EndReloadAssembly (1714ms)
			LoadAssemblies (176ms)
			RebuildTransferFunctionScriptingTraits (0ms)
			SetupTypeCache (616ms)
			ReleaseScriptCaches (3ms)
			RebuildScriptCaches (106ms)
			SetupLoadedEditorAssemblies (529ms)
				LogAssemblyErrors (0ms)
				InitializePlatformSupportModulesInManaged (17ms)
				SetLoadedEditorAssemblies (1ms)
				RefreshPlugins (1ms)
				BeforeProcessingInitializeOnLoad (131ms)
				ProcessInitializeOnLoadAttributes (355ms)
				ProcessInitializeOnLoadMethodAttributes (9ms)
				AfterProcessingInitializeOnLoad (13ms)
				EditorAssembliesLoaded (0ms)
			ExecutionOrderSort2 (0ms)
			AwakeInstancesAfterBackupRestoration (23ms)
Platform modules already initialized, skipping
Refreshing native plugins compatible for Editor in 0.81 ms, found 3 plugins.
Preloading 0 native plugins for Editor in 0.00 ms.
Unloading 2098 Unused Serialized files (Serialized files now loaded: 0)
System memory in use before: 96.2 MB.
System memory in use after: 96.3 MB.

Unloading 14 unused Assets to reduce memory usage. Loaded Objects now: 2580.
Total: 5.390800 ms (FindLiveObjects: 0.478500 ms CreateObjectMapping: 0.274300 ms MarkObjects: 4.598100 ms  DeleteObjects: 0.036800 ms)

AssetImportParameters requested are different than current active one (requested -> active):
  custom:framework-win-MediaFoundation: 216162199b28c13a410421893ffa2e32 -> 
  custom:video-decoder-ogg-theora: a1e56fd34408186e4bbccfd4996cb3dc -> 
  custom:container-muxer-webm: aa71ff27fc2769a1b78a27578f13a17b -> 
  custom:container-demuxer-webm: 4f35f7cbe854078d1ac9338744f61a02 -> 
  custom:container-demuxer-ogg: 62fdf1f143b41e24485cea50d1cbac27 -> 
  custom:video-encoder-webm-vp8: eb34c28f22e8b96e1ab97ce403110664 -> 
  custom:video-decoder-webm-vp8: 9c59270c3fd7afecdb556c50c9e8de78 -> 
  custom:audio-decoder-ogg-vorbis: bf7c407c2cedff20999df2af8eb42d56 -> 
  custom:audio-encoder-webm-vorbis: bf7c407c2cedff20999df2af8eb42d56 -> 
========================================================================
Received Prepare
Registering precompiled user dll's ...
Registered in 0.006532 seconds.
Begin MonoManager ReloadAssembly
Native extension for LinuxStandalone target not found
Native extension for WindowsStandalone target not found
Native extension for OSXStandalone target not found
Native extension for WebGL target not found
Refreshing native plugins compatible for Editor in 0.77 ms, found 3 plugins.
Preloading 0 native plugins for Editor in 0.00 ms.
Mono: successfully reloaded assembly
- Completed reload, in  1.723 seconds
Domain Reload Profiling:
	ReloadAssembly (1724ms)
		BeginReloadAssembly (210ms)
			ExecutionOrderSort (0ms)
			DisableScriptedObjects (10ms)
			BackupInstance (0ms)
			ReleaseScriptingObjects (0ms)
			CreateAndSetChildDomain (55ms)
		EndReloadAssembly (1390ms)
			LoadAssemblies (184ms)
			RebuildTransferFunctionScriptingTraits (0ms)
			SetupTypeCache (493ms)
			ReleaseScriptCaches (1ms)
			RebuildScriptCaches (72ms)
			SetupLoadedEditorAssemblies (497ms)
				LogAssemblyErrors (0ms)
				InitializePlatformSupportModulesInManaged (14ms)
				SetLoadedEditorAssemblies (2ms)
				RefreshPlugins (1ms)
				BeforeProcessingInitializeOnLoad (108ms)
				ProcessInitializeOnLoadAttributes (349ms)
				ProcessInitializeOnLoadMethodAttributes (11ms)
				AfterProcessingInitializeOnLoad (12ms)
				EditorAssembliesLoaded (0ms)
			ExecutionOrderSort2 (0ms)
			AwakeInstancesAfterBackupRestoration (18ms)
Platform modules already initialized, skipping
Refreshing native plugins compatible for Editor in 0.77 ms, found 3 plugins.
Preloading 0 native plugins for Editor in 0.00 ms.
Unloading 2098 Unused Serialized files (Serialized files now loaded: 0)
System memory in use before: 96.2 MB.
System memory in use after: 96.3 MB.

Unloading 14 unused Assets to reduce memory usage. Loaded Objects now: 2583.
Total: 4.750900 ms (FindLiveObjects: 0.252600 ms CreateObjectMapping: 0.160600 ms MarkObjects: 4.312000 ms  DeleteObjects: 0.023900 ms)

AssetImportParameters requested are different than current active one (requested -> active):
  custom:framework-win-MediaFoundation: 216162199b28c13a410421893ffa2e32 -> 
  custom:video-decoder-ogg-theora: a1e56fd34408186e4bbccfd4996cb3dc -> 
  custom:container-muxer-webm: aa71ff27fc2769a1b78a27578f13a17b -> 
  custom:container-demuxer-webm: 4f35f7cbe854078d1ac9338744f61a02 -> 
  custom:container-demuxer-ogg: 62fdf1f143b41e24485cea50d1cbac27 -> 
  custom:video-encoder-webm-vp8: eb34c28f22e8b96e1ab97ce403110664 -> 
  custom:video-decoder-webm-vp8: 9c59270c3fd7afecdb556c50c9e8de78 -> 
  custom:audio-decoder-ogg-vorbis: bf7c407c2cedff20999df2af8eb42d56 -> 
  custom:audio-encoder-webm-vorbis: bf7c407c2cedff20999df2af8eb42d56 -> 
========================================================================
Received Prepare
Registering precompiled user dll's ...
Registered in 0.006043 seconds.
Begin MonoManager ReloadAssembly
Native extension for LinuxStandalone target not found
Native extension for WindowsStandalone target not found
Native extension for OSXStandalone target not found
Native extension for WebGL target not found
Refreshing native plugins compatible for Editor in 0.77 ms, found 3 plugins.
Preloading 0 native plugins for Editor in 0.00 ms.
Mono: successfully reloaded assembly
- Completed reload, in  1.600 seconds
Domain Reload Profiling:
	ReloadAssembly (1601ms)
		BeginReloadAssembly (175ms)
			ExecutionOrderSort (0ms)
			DisableScriptedObjects (10ms)
			BackupInstance (0ms)
			ReleaseScriptingObjects (0ms)
			CreateAndSetChildDomain (52ms)
		EndReloadAssembly (1323ms)
			LoadAssemblies (157ms)
			RebuildTransferFunctionScriptingTraits (0ms)
			SetupTypeCache (481ms)
			ReleaseScriptCaches (1ms)
			RebuildScriptCaches (71ms)
			SetupLoadedEditorAssemblies (446ms)
				LogAssemblyErrors (0ms)
				InitializePlatformSupportModulesInManaged (15ms)
				SetLoadedEditorAssemblies (1ms)
				RefreshPlugins (1ms)
				BeforeProcessingInitializeOnLoad (97ms)
				ProcessInitializeOnLoadAttributes (312ms)
				ProcessInitializeOnLoadMethodAttributes (8ms)
				AfterProcessingInitializeOnLoad (12ms)
				EditorAssembliesLoaded (0ms)
			ExecutionOrderSort2 (0ms)
			AwakeInstancesAfterBackupRestoration (16ms)
Platform modules already initialized, skipping
Refreshing native plugins compatible for Editor in 0.81 ms, found 3 plugins.
Preloading 0 native plugins for Editor in 0.00 ms.
Unloading 2098 Unused Serialized files (Serialized files now loaded: 0)
System memory in use before: 96.2 MB.
System memory in use after: 96.3 MB.

Unloading 14 unused Assets to reduce memory usage. Loaded Objects now: 2586.
Total: 5.163300 ms (FindLiveObjects: 0.347100 ms CreateObjectMapping: 0.206200 ms MarkObjects: 4.578800 ms  DeleteObjects: 0.029600 ms)

AssetImportParameters requested are different than current active one (requested -> active):
  custom:framework-win-MediaFoundation: 216162199b28c13a410421893ffa2e32 -> 
  custom:video-decoder-ogg-theora: a1e56fd34408186e4bbccfd4996cb3dc -> 
  custom:container-muxer-webm: aa71ff27fc2769a1b78a27578f13a17b -> 
  custom:container-demuxer-webm: 4f35f7cbe854078d1ac9338744f61a02 -> 
  custom:container-demuxer-ogg: 62fdf1f143b41e24485cea50d1cbac27 -> 
  custom:video-encoder-webm-vp8: eb34c28f22e8b96e1ab97ce403110664 -> 
  custom:video-decoder-webm-vp8: 9c59270c3fd7afecdb556c50c9e8de78 -> 
  custom:audio-decoder-ogg-vorbis: bf7c407c2cedff20999df2af8eb42d56 -> 
  custom:audio-encoder-webm-vorbis: bf7c407c2cedff20999df2af8eb42d56 -> 
========================================================================
Received Prepare
Registering precompiled user dll's ...
Registered in 0.005833 seconds.
Begin MonoManager ReloadAssembly
Native extension for LinuxStandalone target not found
Native extension for WindowsStandalone target not found
Native extension for OSXStandalone target not found
Native extension for WebGL target not found
Refreshing native plugins compatible for Editor in 0.74 ms, found 3 plugins.
Preloading 0 native plugins for Editor in 0.00 ms.
Mono: successfully reloaded assembly
- Completed reload, in  2.207 seconds
Domain Reload Profiling:
	ReloadAssembly (2208ms)
		BeginReloadAssembly (203ms)
			ExecutionOrderSort (0ms)
			DisableScriptedObjects (14ms)
			BackupInstance (0ms)
			ReleaseScriptingObjects (0ms)
			CreateAndSetChildDomain (59ms)
		EndReloadAssembly (1806ms)
			LoadAssemblies (183ms)
			RebuildTransferFunctionScriptingTraits (0ms)
			SetupTypeCache (758ms)
			ReleaseScriptCaches (1ms)
			RebuildScriptCaches (79ms)
			SetupLoadedEditorAssemblies (553ms)
				LogAssemblyErrors (0ms)
				InitializePlatformSupportModulesInManaged (12ms)
				SetLoadedEditorAssemblies (2ms)
				RefreshPlugins (1ms)
				BeforeProcessingInitializeOnLoad (171ms)
				ProcessInitializeOnLoadAttributes (333ms)
				ProcessInitializeOnLoadMethodAttributes (8ms)
				AfterProcessingInitializeOnLoad (26ms)
				EditorAssembliesLoaded (0ms)
			ExecutionOrderSort2 (0ms)
			AwakeInstancesAfterBackupRestoration (37ms)
Platform modules already initialized, skipping
Refreshing native plugins compatible for Editor in 1.78 ms, found 3 plugins.
Preloading 0 native plugins for Editor in 0.00 ms.
Unloading 2098 Unused Serialized files (Serialized files now loaded: 0)
System memory in use before: 96.2 MB.
System memory in use after: 96.3 MB.

Unloading 14 unused Assets to reduce memory usage. Loaded Objects now: 2589.
Total: 7.733600 ms (FindLiveObjects: 0.699000 ms CreateObjectMapping: 0.241800 ms MarkObjects: 6.747600 ms  DeleteObjects: 0.042400 ms)

AssetImportParameters requested are different than current active one (requested -> active):
  custom:framework-win-MediaFoundation: 216162199b28c13a410421893ffa2e32 -> 
  custom:video-decoder-ogg-theora: a1e56fd34408186e4bbccfd4996cb3dc -> 
  custom:container-muxer-webm: aa71ff27fc2769a1b78a27578f13a17b -> 
  custom:container-demuxer-webm: 4f35f7cbe854078d1ac9338744f61a02 -> 
  custom:container-demuxer-ogg: 62fdf1f143b41e24485cea50d1cbac27 -> 
  custom:video-encoder-webm-vp8: eb34c28f22e8b96e1ab97ce403110664 -> 
  custom:video-decoder-webm-vp8: 9c59270c3fd7afecdb556c50c9e8de78 -> 
  custom:audio-decoder-ogg-vorbis: bf7c407c2cedff20999df2af8eb42d56 -> 
  custom:audio-encoder-webm-vorbis: bf7c407c2cedff20999df2af8eb42d56 -> 
========================================================================
Received Import Request.
  Time since last request: 481.930941 seconds.
  path: Assets/Coin.prefab
  artifactKey: Guid(b0fa2b7fb27750448b0285c65bfa6bad) Importer(815301076,1909f56bfc062723c751e8b465ee728b)
Start importing Assets/Coin.prefab using Guid(b0fa2b7fb27750448b0285c65bfa6bad) Importer(815301076,1909f56bfc062723c751e8b465ee728b)  -> (artifact id: '3fc22f78df72b22a37330c54e944ea07') in 0.152384 seconds 
  Import took 0.165157 seconds .

========================================================================
Received Import Request.
  Time since last request: 3.452113 seconds.
  path: Assets/Chest.prefab
  artifactKey: Guid(f1d26b6943d7b484e8a21587f1d0c7be) Importer(815301076,1909f56bfc062723c751e8b465ee728b)
Start importing Assets/Chest.prefab using Guid(f1d26b6943d7b484e8a21587f1d0c7be) Importer(815301076,1909f56bfc062723c751e8b465ee728b)  -> (artifact id: '6e93ea3124c0ffa02667d271feed6ace') in 0.029087 seconds 
  Import took 0.034460 seconds .

========================================================================
Received Prepare
Registering precompiled user dll's ...
Registered in 0.008275 seconds.
Begin MonoManager ReloadAssembly
Native extension for LinuxStandalone target not found
Native extension for WindowsStandalone target not found
Native extension for OSXStandalone target not found
Native extension for WebGL target not found
Refreshing native plugins compatible for Editor in 0.85 ms, found 3 plugins.
Preloading 0 native plugins for Editor in 0.00 ms.
Mono: successfully reloaded assembly
- Completed reload, in  1.811 seconds
Domain Reload Profiling:
	ReloadAssembly (1812ms)
		BeginReloadAssembly (243ms)
			ExecutionOrderSort (0ms)
			DisableScriptedObjects (16ms)
			BackupInstance (0ms)
			ReleaseScriptingObjects (0ms)
			CreateAndSetChildDomain (79ms)
		EndReloadAssembly (1452ms)
			LoadAssemblies (185ms)
			RebuildTransferFunctionScriptingTraits (0ms)
			SetupTypeCache (519ms)
			ReleaseScriptCaches (2ms)
			RebuildScriptCaches (67ms)
			SetupLoadedEditorAssemblies (470ms)
				LogAssemblyErrors (0ms)
				InitializePlatformSupportModulesInManaged (12ms)
				SetLoadedEditorAssemblies (1ms)
				RefreshPlugins (1ms)
				BeforeProcessingInitializeOnLoad (102ms)
				ProcessInitializeOnLoadAttributes (329ms)
				ProcessInitializeOnLoadMethodAttributes (10ms)
				AfterProcessingInitializeOnLoad (15ms)
				EditorAssembliesLoaded (0ms)
			ExecutionOrderSort2 (0ms)
			AwakeInstancesAfterBackupRestoration (30ms)
Platform modules already initialized, skipping
Refreshing native plugins compatible for Editor in 0.74 ms, found 3 plugins.
Preloading 0 native plugins for Editor in 0.00 ms.
Unloading 2098 Unused Serialized files (Serialized files now loaded: 0)
System memory in use before: 96.2 MB.
System memory in use after: 96.3 MB.

Unloading 14 unused Assets to reduce memory usage. Loaded Objects now: 2597.
Total: 4.786800 ms (FindLiveObjects: 0.321700 ms CreateObjectMapping: 0.206500 ms MarkObjects: 4.229300 ms  DeleteObjects: 0.027600 ms)

AssetImportParameters requested are different than current active one (requested -> active):
  custom:framework-win-MediaFoundation: 216162199b28c13a410421893ffa2e32 -> 
  custom:video-decoder-ogg-theora: a1e56fd34408186e4bbccfd4996cb3dc -> 
  custom:container-muxer-webm: aa71ff27fc2769a1b78a27578f13a17b -> 
  custom:container-demuxer-webm: 4f35f7cbe854078d1ac9338744f61a02 -> 
  custom:container-demuxer-ogg: 62fdf1f143b41e24485cea50d1cbac27 -> 
  custom:video-encoder-webm-vp8: eb34c28f22e8b96e1ab97ce403110664 -> 
  custom:video-decoder-webm-vp8: 9c59270c3fd7afecdb556c50c9e8de78 -> 
  custom:audio-decoder-ogg-vorbis: bf7c407c2cedff20999df2af8eb42d56 -> 
  custom:audio-encoder-webm-vorbis: bf7c407c2cedff20999df2af8eb42d56 -> 
AssetImportWorkerClient::OnTransportError - code=2 error=End of file
